CRITICAL - 2020-05-04 20:28:51 --> syntax error, unexpected 'echo' (T_ECHO)
#0 C:\xampp\htdocs\charge\system\Common.php(1071): CodeIgniter\View\View->render('contacto', Array, true)
#1 C:\xampp\htdocs\charge\app\Controllers\Home.php(18): view('contacto')
#2 C:\xampp\htdocs\charge\system\CodeIgniter.php(910): App\Controllers\Home->index()
#3 C:\xampp\htdocs\charge\system\CodeIgniter.php(398): CodeIgniter\CodeIgniter->runController(Object(App\Controllers\Home))
#4 C:\xampp\htdocs\charge\system\CodeIgniter.php(306): CodeIgniter\CodeIgniter->handleRequest(NULL, Object(Config\Cache), false)
#5 C:\xampp\htdocs\charge\public\index.php(45): CodeIgniter\CodeIgniter->run()
#6 C:\xampp\htdocs\charge\system\Commands\Server\rewrite.php(34): require_once('C:\\xampp\\htdocs...')
#7 {main}
CRITICAL - 2020-05-04 20:28:51 --> syntax error, unexpected 'echo' (T_ECHO)
#0 C:\xampp\htdocs\charge\system\Common.php(1071): CodeIgniter\View\View->render('contacto', Array, true)
#1 C:\xampp\htdocs\charge\app\Controllers\Home.php(18): view('contacto')
#2 C:\xampp\htdocs\charge\system\CodeIgniter.php(910): App\Controllers\Home->index()
#3 C:\xampp\htdocs\charge\system\CodeIgniter.php(398): CodeIgniter\CodeIgniter->runController(Object(App\Controllers\Home))
#4 C:\xampp\htdocs\charge\system\CodeIgniter.php(306): CodeIgniter\CodeIgniter->handleRequest(NULL, Object(Config\Cache), false)
#5 C:\xampp\htdocs\charge\public\index.php(45): CodeIgniter\CodeIgniter->run()
#6 C:\xampp\htdocs\charge\system\Commands\Server\rewrite.php(34): require_once('C:\\xampp\\htdocs...')
#7 {main}
CRITICAL - 2020-05-04 20:31:05 --> syntax error, unexpected 'echo' (T_ECHO)
#0 C:\xampp\htdocs\charge\system\Common.php(1071): CodeIgniter\View\View->render('contacto', Array, true)
#1 C:\xampp\htdocs\charge\app\Controllers\Home.php(18): view('contacto')
#2 C:\xampp\htdocs\charge\system\CodeIgniter.php(910): App\Controllers\Home->index()
#3 C:\xampp\htdocs\charge\system\CodeIgniter.php(398): CodeIgniter\CodeIgniter->runController(Object(App\Controllers\Home))
#4 C:\xampp\htdocs\charge\system\CodeIgniter.php(306): CodeIgniter\CodeIgniter->handleRequest(NULL, Object(Config\Cache), false)
#5 C:\xampp\htdocs\charge\public\index.php(45): CodeIgniter\CodeIgniter->run()
#6 C:\xampp\htdocs\charge\system\Commands\Server\rewrite.php(34): require_once('C:\\xampp\\htdocs...')
#7 {main}
CRITICAL - 2020-05-04 20:31:05 --> syntax error, unexpected 'echo' (T_ECHO)
#0 C:\xampp\htdocs\charge\system\Common.php(1071): CodeIgniter\View\View->render('contacto', Array, true)
#1 C:\xampp\htdocs\charge\app\Controllers\Home.php(18): view('contacto')
#2 C:\xampp\htdocs\charge\system\CodeIgniter.php(910): App\Controllers\Home->index()
#3 C:\xampp\htdocs\charge\system\CodeIgniter.php(398): CodeIgniter\CodeIgniter->runController(Object(App\Controllers\Home))
#4 C:\xampp\htdocs\charge\system\CodeIgniter.php(306): CodeIgniter\CodeIgniter->handleRequest(NULL, Object(Config\Cache), false)
#5 C:\xampp\htdocs\charge\public\index.php(45): CodeIgniter\CodeIgniter->run()
#6 C:\xampp\htdocs\charge\system\Commands\Server\rewrite.php(34): require_once('C:\\xampp\\htdocs...')
#7 {main}
CRITICAL - 2020-05-04 20:32:31 --> syntax error, unexpected 'echo' (T_ECHO)
#0 C:\xampp\htdocs\charge\system\Common.php(1071): CodeIgniter\View\View->render('contacto', Array, true)
#1 C:\xampp\htdocs\charge\app\Controllers\Home.php(18): view('contacto')
#2 C:\xampp\htdocs\charge\system\CodeIgniter.php(910): App\Controllers\Home->index()
#3 C:\xampp\htdocs\charge\system\CodeIgniter.php(398): CodeIgniter\CodeIgniter->runController(Object(App\Controllers\Home))
#4 C:\xampp\htdocs\charge\system\CodeIgniter.php(306): CodeIgniter\CodeIgniter->handleRequest(NULL, Object(Config\Cache), false)
#5 C:\xampp\htdocs\charge\public\index.php(45): CodeIgniter\CodeIgniter->run()
#6 C:\xampp\htdocs\charge\system\Commands\Server\rewrite.php(34): require_once('C:\\xampp\\htdocs...')
#7 {main}
CRITICAL - 2020-05-04 20:32:31 --> syntax error, unexpected 'echo' (T_ECHO)
#0 C:\xampp\htdocs\charge\system\Common.php(1071): CodeIgniter\View\View->render('contacto', Array, true)
#1 C:\xampp\htdocs\charge\app\Controllers\Home.php(18): view('contacto')
#2 C:\xampp\htdocs\charge\system\CodeIgniter.php(910): App\Controllers\Home->index()
#3 C:\xampp\htdocs\charge\system\CodeIgniter.php(398): CodeIgniter\CodeIgniter->runController(Object(App\Controllers\Home))
#4 C:\xampp\htdocs\charge\system\CodeIgniter.php(306): CodeIgniter\CodeIgniter->handleRequest(NULL, Object(Config\Cache), false)
#5 C:\xampp\htdocs\charge\public\index.php(45): CodeIgniter\CodeIgniter->run()
#6 C:\xampp\htdocs\charge\system\Commands\Server\rewrite.php(34): require_once('C:\\xampp\\htdocs...')
#7 {main}
CRITICAL - 2020-05-04 20:32:35 --> syntax error, unexpected 'echo' (T_ECHO)
#0 C:\xampp\htdocs\charge\system\Common.php(1071): CodeIgniter\View\View->render('contacto', Array, true)
#1 C:\xampp\htdocs\charge\app\Controllers\Home.php(18): view('contacto')
#2 C:\xampp\htdocs\charge\system\CodeIgniter.php(910): App\Controllers\Home->index()
#3 C:\xampp\htdocs\charge\system\CodeIgniter.php(398): CodeIgniter\CodeIgniter->runController(Object(App\Controllers\Home))
#4 C:\xampp\htdocs\charge\system\CodeIgniter.php(306): CodeIgniter\CodeIgniter->handleRequest(NULL, Object(Config\Cache), false)
#5 C:\xampp\htdocs\charge\public\index.php(45): CodeIgniter\CodeIgniter->run()
#6 C:\xampp\htdocs\charge\system\Commands\Server\rewrite.php(34): require_once('C:\\xampp\\htdocs...')
#7 {main}
CRITICAL - 2020-05-04 20:32:35 --> syntax error, unexpected 'echo' (T_ECHO)
#0 C:\xampp\htdocs\charge\system\Common.php(1071): CodeIgniter\View\View->render('contacto', Array, true)
#1 C:\xampp\htdocs\charge\app\Controllers\Home.php(18): view('contacto')
#2 C:\xampp\htdocs\charge\system\CodeIgniter.php(910): App\Controllers\Home->index()
#3 C:\xampp\htdocs\charge\system\CodeIgniter.php(398): CodeIgniter\CodeIgniter->runController(Object(App\Controllers\Home))
#4 C:\xampp\htdocs\charge\system\CodeIgniter.php(306): CodeIgniter\CodeIgniter->handleRequest(NULL, Object(Config\Cache), false)
#5 C:\xampp\htdocs\charge\public\index.php(45): CodeIgniter\CodeIgniter->run()
#6 C:\xampp\htdocs\charge\system\Commands\Server\rewrite.php(34): require_once('C:\\xampp\\htdocs...')
#7 {main}
